epantry/app2/app/build/outputs/logs/manifest-merger-debug-report.txt
-- Merging decision tree log ---
manifest
ADDED from src/main/AndroidManifest.xml:2:1-30:12
INJECTED from src/main/AndroidManifest.xml:2:1-30:12
INJECTED from src/main/AndroidManifest.xml:2:1-30:12
INJECTED from src/main/AndroidManifest.xml:2:1-30:12
MERGED from [com.amitshekhar.android:debug-db:1.0.0] AndroidManifest.xml:20:1-40:12
MERGED from [com.android.support:design:28.0.0-rc01] AndroidManifest.xml:17:1-24:12
MERGED from [com.android.support:appcompat-v7:28.0.0-rc01] AndroidManifest.xml:17:1-22:12
MERGED from [com.android.support.constraint:constraint-layout:1.1.2] AndroidManifest.xml:2:1-11:12
MERGED from [com.android.support:support-fragment:28.0.0-rc01] AndroidManifest.xml:17:1-22:12
MERGED from [com.android.support:animated-vector-drawable:28.0.0-rc01] AndroidManifest.xml:17:1-22:12
MERGED from [com.android.support:recyclerview-v7:28.0.0-rc01] AndroidManifest.xml:17:1-22:12
MERGED from [com.android.support:support-core-ui:28.0.0-rc01] AndroidManifest.xml:17:1-22:12
MERGED from [com.android.support:support-core-utils:28.0.0-rc01] AndroidManifest.xml:17:1-22:12
MERGED from [com.android.support:support-vector-drawable:28.0.0-rc01] AndroidManifest.xml:17:1-22:12
MERGED from [com.android.support:transition:28.0.0-rc01] AndroidManifest.xml:17:1-22:12
MERGED from [com.android.support:loader:28.0.0-rc01] AndroidManifest.xml:17:1-22:12
MERGED from [com.android.support:viewpager:28.0.0-rc01] AndroidManifest.xml:17:1-22:12
MERGED from [com.android.support:coordinatorlayout:28.0.0-rc01] AndroidManifest.xml:17:1-22:12
MERGED from [com.android.support:drawerlayout:28.0.0-rc01] AndroidManifest.xml:17:1-22:12
MERGED from [com.android.support:slidingpanelayout:28.0.0-rc01] AndroidManifest.xml:17:1-22:12
MERGED from [com.android.support:customview:28.0.0-rc01] AndroidManifest.xml:17:1-22:12
MERGED from [com.android.support:swiperefreshlayout:28.0.0-rc01] AndroidManifest.xml:17:1-22:12
MERGED from [com.android.support:asynclayoutinflater:28.0.0-rc01] AndroidManifest.xml:17:1-22:12
MERGED from [com.android.support:support-compat:28.0.0-rc01] AndroidManifest.xml:17:1-24:12
MERGED from [com.android.support:versionedparcelable:28.0.0-rc01] AndroidManifest.xml:17:1-25:12
MERGED from [com.android.support:cursoradapter:28.0.0-rc01] AndroidManifest.xml:17:1-22:12
MERGED from [com.android.support:cardview-v7:28.0.0-rc01] AndroidManifest.xml:17:1-22:12
MERGED from [android.arch.lifecycle:runtime:1.1.1] AndroidManifest.xml:17:1-22:12
MERGED from [com.android.support:documentfile:28.0.0-rc01] AndroidManifest.xml:17:1-22:12
MERGED from [com.android.support:localbroadcastmanager:28.0.0-rc01] AndroidManifest.xml:17:1-22:12
MERGED from [com.android.support:print:28.0.0-rc01] AndroidManifest.xml:17:1-22:12
MERGED from [android.arch.lifecycle:viewmodel:1.1.1] AndroidManifest.xml:17:1-22:12
MERGED from [com.android.support:interpolator:28.0.0-rc01] AndroidManifest.xml:17:1-22:12
MERGED from [android.arch.lifecycle:livedata-core:1.1.1] AndroidManifest.xml:17:1-22:12
MERGED from [android.arch.core:runtime:1.1.1] AndroidManifest.xml:17:1-22:12
INJECTED from src/main/AndroidManifest.xml:2:1-30:12
INJECTED from src/main/AndroidManifest.xml:2:1-30:12
INJECTED from src/main/AndroidManifest.xml:2:1-30:12
	package
		ADDED from src/main/AndroidManifest.xml:3:5-34
		INJECTED from src/main/AndroidManifest.xml
		INJECTED from src/main/AndroidManifest.xml
	android:versionName
		INJECTED from src/main/AndroidManifest.xml
		ADDED from src/main/AndroidManifest.xml:2:1-30:12
		INJECTED from src/main/AndroidManifest.xml
	android:versionCode
		INJECTED from src/main/AndroidManifest.xml
		ADDED from src/main/AndroidManifest.xml:2:1-30:12
		INJECTED from src/main/AndroidManifest.xml
	xmlns:android
		ADDED from src/main/AndroidManifest.xml:2:11-69
application
ADDED from src/main/AndroidManifest.xml:5:5-28:19
MERGED from [com.amitshekhar.android:debug-db:1.0.0] AndroidManifest.xml:32:5-38:19
MERGED from [com.amitshekhar.android:debug-db:1.0.0] AndroidManifest.xml:32:5-38:19
MERGED from [com.android.support:design:28.0.0-rc01] AndroidManifest.xml:22:5-20
MERGED from [com.android.support:design:28.0.0-rc01] AndroidManifest.xml:22:5-20
MERGED from [com.android.support.constraint:constraint-layout:1.1.2] AndroidManifest.xml:9:5-20
MERGED from [com.android.support.constraint:constraint-layout:1.1.2] AndroidManifest.xml:9:5-20
MERGED from [com.android.support:support-compat:28.0.0-rc01] AndroidManifest.xml:22:5-94
MERGED from [com.android.support:support-compat:28.0.0-rc01] AndroidManifest.xml:22:5-94
MERGED from [com.android.support:versionedparcelable:28.0.0-rc01] AndroidManifest.xml:22:5-23:19
MERGED from [com.android.support:versionedparcelable:28.0.0-rc01] AndroidManifest.xml:22:5-23:19
	android:appComponentFactory
		ADDED from [com.android.support:support-compat:28.0.0-rc01] AndroidManifest.xml:22:18-91
	android:supportsRtl
		ADDED from src/main/AndroidManifest.xml:9:9-35
	android:roundIcon
		ADDED from src/main/AndroidManifest.xml:8:9-54
	android:icon
		ADDED from src/main/AndroidManifest.xml:7:9-43
	android:allowBackup
		ADDED from src/main/AndroidManifest.xml:6:9-35
	android:theme
		ADDED from src/main/AndroidManifest.xml:10:9-40
activity#com.example.epantry.Login
ADDED from src/main/AndroidManifest.xml:12:9-21:20
	android:label
		ADDED from src/main/AndroidManifest.xml:14:13-45
	android:theme
		ADDED from src/main/AndroidManifest.xml:15:13-56
	android:name
		ADDED from src/main/AndroidManifest.xml:13:13-34
intent-filter#action:name:android.intent.action.MAIN+category:name:android.intent.category.LAUNCHER
ADDED from src/main/AndroidManifest.xml:16:13-20:29
action#android.intent.action.MAIN
ADDED from src/main/AndroidManifest.xml:17:17-69
	android:name
		ADDED from src/main/AndroidManifest.xml:17:25-66
category#android.intent.category.LAUNCHER
ADDED from src/main/AndroidManifest.xml:19:17-77
	android:name
		ADDED from src/main/AndroidManifest.xml:19:27-74
activity#com.example.epantry.Home
ADDED from src/main/AndroidManifest.xml:22:9-51
	android:name
		ADDED from src/main/AndroidManifest.xml:22:19-39
activity#com.example.epantry.Signup
ADDED from src/main/AndroidManifest.xml:23:9-53
	android:name
		ADDED from src/main/AndroidManifest.xml:23:19-41
meta-data#preloaded_fonts
ADDED from src/main/AndroidManifest.xml:25:9-27:57
	android:resource
		ADDED from src/main/AndroidManifest.xml:27:13-54
	android:name
		ADDED from src/main/AndroidManifest.xml:26:13-43
uses-sdk
INJECTED from src/main/AndroidManifest.xml reason: use-sdk injection requested
INJECTED from src/main/AndroidManifest.xml
INJECTED from src/main/AndroidManifest.xml
MERGED from [com.amitshekhar.android:debug-db:1.0.0] AndroidManifest.xml:25:5-27:41
MERGED from [com.amitshekhar.android:debug-db:1.0.0] AndroidManifest.xml:25:5-27:41
MERGED from [com.android.support:design:28.0.0-rc01] AndroidManifest.xml:20:5-44
MERGED from [com.android.support:design:28.0.0-rc01] AndroidManifest.xml:20:5-44
MERGED from [com.android.support:appcompat-v7:28.0.0-rc01] AndroidManifest.xml:20:5-44
MERGED from [com.android.support:appcompat-v7:28.0.0-rc01] AndroidManifest.xml:20:5-44
MERGED from [com.android.support.constraint:constraint-layout:1.1.2] AndroidManifest.xml:5:5-7:41
MERGED from [com.android.support.constraint:constraint-layout:1.1.2] AndroidManifest.xml:5:5-7:41
MERGED from [com.android.support:support-fragment:28.0.0-rc01] AndroidManifest.xml:20:5-44
MERGED from [com.android.support:support-fragment:28.0.0-rc01] AndroidManifest.xml:20:5-44
MERGED from [com.android.support:animated-vector-drawable:28.0.0-rc01] AndroidManifest.xml:20:5-44
MERGED from [com.android.support:animated-vector-drawable:28.0.0-rc01] AndroidManifest.xml:20:5-44
MERGED from [com.android.support:recyclerview-v7:28.0.0-rc01] AndroidManifest.xml:20:5-44
MERGED from [com.android.support:recyclerview-v7:28.0.0-rc01] AndroidManifest.xml:20:5-44
MERGED from [com.android.support:support-core-ui:28.0.0-rc01] AndroidManifest.xml:20:5-44
MERGED from [com.android.support:support-core-ui:28.0.0-rc01] AndroidManifest.xml:20:5-44
MERGED from [com.android.support:support-core-utils:28.0.0-rc01] AndroidManifest.xml:20:5-44
MERGED from [com.android.support:support-core-utils:28.0.0-rc01] AndroidManifest.xml:20:5-44
MERGED from [com.android.support:support-vector-drawable:28.0.0-rc01] AndroidManifest.xml:20:5-44
MERGED from [com.android.support:support-vector-drawable:28.0.0-rc01] AndroidManifest.xml:20:5-44
MERGED from [com.android.support:transition:28.0.0-rc01] AndroidManifest.xml:20:5-44
MERGED from [com.android.support:transition:28.0.0-rc01] AndroidManifest.xml:20:5-44
MERGED from [com.android.support:loader:28.0.0-rc01] AndroidManifest.xml:20:5-44
MERGED from [com.android.support:loader:28.0.0-rc01] AndroidManifest.xml:20:5-44
MERGED from [com.android.support:viewpager:28.0.0-rc01] AndroidManifest.xml:20:5-44
MERGED from [com.android.support:viewpager:28.0.0-rc01] AndroidManifest.xml:20:5-44
MERGED from [com.android.support:coordinatorlayout:28.0.0-rc01] AndroidManifest.xml:20:5-44
MERGED from [com.android.support:coordinatorlayout:28.0.0-rc01] AndroidManifest.xml:20:5-44
MERGED from [com.android.support:drawerlayout:28.0.0-rc01] AndroidManifest.xml:20:5-44
MERGED from [com.android.support:drawerlayout:28.0.0-rc01] AndroidManifest.xml:20:5-44
MERGED from [com.android.support:slidingpanelayout:28.0.0-rc01] AndroidManifest.xml:20:5-44
MERGED from [com.android.support:slidingpanelayout:28.0.0-rc01] AndroidManifest.xml:20:5-44
MERGED from [com.android.support:customview:28.0.0-rc01] AndroidManifest.xml:20:5-44
MERGED from [com.android.support:customview:28.0.0-rc01] AndroidManifest.xml:20:5-44
MERGED from [com.android.support:swiperefreshlayout:28.0.0-rc01] AndroidManifest.xml:20:5-44
MERGED from [com.android.support:swiperefreshlayout:28.0.0-rc01] AndroidManifest.xml:20:5-44
MERGED from [com.android.support:asynclayoutinflater:28.0.0-rc01] AndroidManifest.xml:20:5-44
MERGED from [com.android.support:asynclayoutinflater:28.0.0-rc01] AndroidManifest.xml:20:5-44
MERGED from [com.android.support:support-compat:28.0.0-rc01] AndroidManifest.xml:20:5-44
MERGED from [com.android.support:support-compat:28.0.0-rc01] AndroidManifest.xml:20:5-44
MERGED from [com.android.support:versionedparcelable:28.0.0-rc01] AndroidManifest.xml:20:5-44
MERGED from [com.android.support:versionedparcelable:28.0.0-rc01] AndroidManifest.xml:20:5-44
MERGED from [com.android.support:cursoradapter:28.0.0-rc01] AndroidManifest.xml:20:5-44
MERGED from [com.android.support:cursoradapter:28.0.0-rc01] AndroidManifest.xml:20:5-44
MERGED from [com.android.support:cardview-v7:28.0.0-rc01] AndroidManifest.xml:20:5-44
MERGED from [com.android.support:cardview-v7:28.0.0-rc01] AndroidManifest.xml:20:5-44
MERGED from [android.arch.lifecycle:runtime:1.1.1] AndroidManifest.xml:20:5-44
MERGED from [android.arch.lifecycle:runtime:1.1.1] AndroidManifest.xml:20:5-44
MERGED from [com.android.support:documentfile:28.0.0-rc01] AndroidManifest.xml:20:5-44
MERGED from [com.android.support:documentfile:28.0.0-rc01] AndroidManifest.xml:20:5-44
MERGED from [com.android.support:localbroadcastmanager:28.0.0-rc01] AndroidManifest.xml:20:5-44
MERGED from [com.android.support:localbroadcastmanager:28.0.0-rc01] AndroidManifest.xml:20:5-44
MERGED from [com.android.support:print:28.0.0-rc01] AndroidManifest.xml:20:5-44
MERGED from [com.android.support:print:28.0.0-rc01] AndroidManifest.xml:20:5-44
MERGED from [android.arch.lifecycle:viewmodel:1.1.1] AndroidManifest.xml:20:5-44
MERGED from [android.arch.lifecycle:viewmodel:1.1.1] AndroidManifest.xml:20:5-44
MERGED from [com.android.support:interpolator:28.0.0-rc01] AndroidManifest.xml:20:5-44
MERGED from [com.android.support:interpolator:28.0.0-rc01] AndroidManifest.xml:20:5-44
MERGED from [android.arch.lifecycle:livedata-core:1.1.1] AndroidManifest.xml:20:5-44
MERGED from [android.arch.lifecycle:livedata-core:1.1.1] AndroidManifest.xml:20:5-44
MERGED from [android.arch.core:runtime:1.1.1] AndroidManifest.xml:20:5-44
MERGED from [android.arch.core:runtime:1.1.1] AndroidManifest.xml:20:5-44
INJECTED from src/main/AndroidManifest.xml
INJECTED from src/main/AndroidManifest.xml
	android:targetSdkVersion
		INJECTED from src/main/AndroidManifest.xml
		ADDED from src/main/AndroidManifest.xml
		INJECTED from src/main/AndroidManifest.xml
	android:minSdkVersion
		INJECTED from src/main/AndroidManifest.xml
		ADDED from src/main/AndroidManifest.xml
		INJECTED from src/main/AndroidManifest.xml
uses-permission#android.permission.INTERNET
ADDED from [com.amitshekhar.android:debug-db:1.0.0] AndroidManifest.xml:29:5-67
	android:name
		ADDED from [com.amitshekhar.android:debug-db:1.0.0] AndroidManifest.xml:29:22-64
uses-permission#android.permission.ACCESS_WIFI_STATE
ADDED from [com.amitshekhar.android:debug-db:1.0.0] AndroidManifest.xml:30:5-76
	android:name
		ADDED from [com.amitshekhar.android:debug-db:1.0.0] AndroidManifest.xml:30:22-73
provider#com.amitshekhar.DebugDBInitProvider
ADDED from [com.amitshekhar.android:debug-db:1.0.0] AndroidManifest.xml:33:9-37:40
	android:enabled
		ADDED from [com.amitshekhar.android:debug-db:1.0.0] AndroidManifest.xml:36:13-35
	android:authorities
		ADDED from [com.amitshekhar.android:debug-db:1.0.0] AndroidManifest.xml:35:13-71
	android:exported
		ADDED from [com.amitshekhar.android:debug-db:1.0.0] AndroidManifest.xml:37:13-37
	android:name
		ADDED from [com.amitshekhar.android:debug-db:1.0.0] AndroidManifest.xml:34:13-63